2026-03-04 15:25:08,113 INFO Ambiguous classification for /home/azazh-wuletawu/Documents/10x Intensive Training/W3/code_implementation/RefineryAI-Document-Intelligence-Pipeline/sample/mixed_CBE Annual Report 2017-18.pdf: origin=native_digital, char_density=0.004, image_ratio=0.065, domain=financial (score=100), layout=multi_column
2026-03-04 15:25:12,535 INFO Ambiguous classification for /home/azazh-wuletawu/Documents/10x Intensive Training/W3/code_implementation/RefineryAI-Document-Intelligence-Pipeline/sample/digital_CBE Annual Report 2012-13.pdf: origin=native_digital, char_density=0.002, image_ratio=0.095, domain=financial (score=100), layout=multi_column
2026-03-04 15:32:04,135 INFO Ambiguous classification for /home/azazh-wuletawu/Documents/10x Intensive Training/W3/code_implementation/RefineryAI-Document-Intelligence-Pipeline/sample/mixed_CBE Annual Report 2017-18.pdf: origin=native_digital, char_density=0.004, image_ratio=0.065, domain=financial (score=100), layout=multi_column
2026-03-04 15:32:08,396 INFO Ambiguous classification for /home/azazh-wuletawu/Documents/10x Intensive Training/W3/code_implementation/RefineryAI-Document-Intelligence-Pipeline/sample/digital_CBE Annual Report 2012-13.pdf: origin=native_digital, char_density=0.002, image_ratio=0.095, domain=financial (score=100), layout=multi_column
2026-03-04 15:32:18,466 INFO Ambiguous classification for sample/digital_CBE Annual Report 2012-13.pdf: origin=native_digital, char_density=0.002, image_ratio=0.095, domain=financial (score=100), layout=multi_column
2026-03-04 15:32:58,324 INFO Ambiguous classification for sample/mixed_CBE Annual Report 2017-18.pdf: origin=native_digital, char_density=0.004, image_ratio=0.065, domain=financial (score=100), layout=multi_column
2026-03-04 15:45:13,765 INFO Ambiguous classification for /home/azazh-wuletawu/Documents/10x Intensive Training/W3/code_implementation/RefineryAI-Document-Intelligence-Pipeline/sample/mixed_CBE Annual Report 2017-18.pdf: origin=scanned_image, char_density=0.004, image_ratio=0.065, domain=financial (score=100), layout=multi_column
2026-03-04 15:45:18,041 INFO Ambiguous classification for /home/azazh-wuletawu/Documents/10x Intensive Training/W3/code_implementation/RefineryAI-Document-Intelligence-Pipeline/sample/digital_CBE Annual Report 2012-13.pdf: origin=scanned_image, char_density=0.002, image_ratio=0.095, domain=financial (score=100), layout=multi_column
2026-03-04 15:45:28,143 INFO Ambiguous classification for sample/digital_CBE Annual Report 2012-13.pdf: origin=scanned_image, char_density=0.002, image_ratio=0.095, domain=financial (score=100), layout=multi_column
2026-03-04 15:52:32,749 INFO Ambiguous classification for /home/azazh-wuletawu/Documents/10x Intensive Training/W3/code_implementation/RefineryAI-Document-Intelligence-Pipeline/sample/mixed_CBE Annual Report 2017-18.pdf: origin=scanned_image, char_density=0.004, image_ratio=0.065, domain=financial (score=100), layout=multi_column
2026-03-04 15:52:37,094 INFO Ambiguous classification for /home/azazh-wuletawu/Documents/10x Intensive Training/W3/code_implementation/RefineryAI-Document-Intelligence-Pipeline/sample/digital_CBE Annual Report 2012-13.pdf: origin=scanned_image, char_density=0.002, image_ratio=0.095, domain=financial (score=100), layout=multi_column
2026-03-04 15:52:47,176 INFO Ambiguous classification for sample/digital_CBE Annual Report 2012-13.pdf: origin=scanned_image, char_density=0.002, image_ratio=0.095, domain=financial (score=100), layout=multi_column
2026-03-04 15:59:22,966 INFO Ambiguous classification for /home/azazh-wuletawu/Documents/10x Intensive Training/W3/code_implementation/RefineryAI-Document-Intelligence-Pipeline/sample/mixed_CBE Annual Report 2017-18.pdf: origin=scanned_image, char_density=0.004, image_ratio=0.065, domain=financial (score=100), layout=multi_column
2026-03-04 15:59:27,117 INFO Ambiguous classification for /home/azazh-wuletawu/Documents/10x Intensive Training/W3/code_implementation/RefineryAI-Document-Intelligence-Pipeline/sample/digital_CBE Annual Report 2012-13.pdf: origin=scanned_image, char_density=0.002, image_ratio=0.095, domain=financial (score=100), layout=multi_column
2026-03-04 15:59:37,342 INFO Ambiguous classification for sample/digital_CBE Annual Report 2012-13.pdf: origin=scanned_image, char_density=0.002, image_ratio=0.095, domain=financial (score=100), layout=multi_column
2026-03-04 16:02:22,694 INFO Ambiguous classification for /home/azazh-wuletawu/Documents/10x Intensive Training/W3/code_implementation/RefineryAI-Document-Intelligence-Pipeline/sample/mixed_CBE Annual Report 2017-18.pdf: origin=mixed, char_density=0.004, image_ratio=0.065, domain=financial (score=100), layout=multi_column
2026-03-04 16:02:26,958 INFO Ambiguous classification for /home/azazh-wuletawu/Documents/10x Intensive Training/W3/code_implementation/RefineryAI-Document-Intelligence-Pipeline/sample/digital_CBE Annual Report 2012-13.pdf: origin=mixed, char_density=0.002, image_ratio=0.095, domain=financial (score=100), layout=multi_column
2026-03-04 16:02:36,956 INFO Ambiguous classification for sample/digital_CBE Annual Report 2012-13.pdf: origin=mixed, char_density=0.002, image_ratio=0.095, domain=financial (score=100), layout=multi_column
2026-03-04 16:03:16,564 INFO Ambiguous classification for sample/mixed_CBE Annual Report 2017-18.pdf: origin=mixed, char_density=0.004, image_ratio=0.065, domain=financial (score=100), layout=multi_column
2026-03-04 17:57:06,510 INFO Ambiguous classification for sample/digital_CBE Annual Report 2012-13.pdf: origin=mixed, char_density=0.002, image_ratio=0.095, domain=financial (score=100), layout=multi_column
2026-03-04 17:57:36,134 INFO Ambiguous classification for sample/mixed_CBE Annual Report 2017-18.pdf: origin=mixed, char_density=0.004, image_ratio=0.065, domain=financial (score=100), layout=multi_column
2026-03-04 18:31:30,428 INFO Ambiguous classification for sample/digital_CBE Annual Report 2012-13.pdf: origin=mixed, char_density=0.002, image_ratio=0.095, domain=financial (score=100), layout=multi_column
2026-03-04 18:32:01,713 INFO Ambiguous classification for sample/mixed_CBE Annual Report 2017-18.pdf: origin=mixed, char_density=0.004, image_ratio=0.065, domain=financial (score=100), layout=multi_column
2026-03-04 18:43:22,853 INFO Ambiguous classification for sample/digital_CBE Annual Report 2012-13.pdf: origin=mixed, char_density=0.002, image_ratio=0.095, domain=financial (score=100), layout=multi_column
2026-03-04 18:43:56,659 INFO Ambiguous classification for sample/mixed_CBE Annual Report 2017-18.pdf: origin=mixed, char_density=0.004, image_ratio=0.065, domain=financial (score=100), layout=multi_column
2026-03-05 04:54:44,237 INFO Ambiguous classification for ./sample/mixed_CBE Annual Report 2017-18.pdf: origin=mixed, char_density=0.004, image_ratio=0.065, domain=financial (score=100), layout=multi_column
2026-03-05 04:54:47,414 INFO Ambiguous classification for ./sample/digital_CBE Annual Report 2012-13.pdf: origin=mixed, char_density=0.002, image_ratio=0.095, domain=financial (score=100), layout=multi_column
2026-03-06 05:31:36,252 INFO Ambiguous classification for ./sample/mixed_CBE Annual Report 2017-18.pdf: origin=mixed, char_density=0.004, image_ratio=0.065, domain=financial (score=100), layout=multi_column
2026-03-06 05:31:39,339 INFO Ambiguous classification for ./sample/digital_CBE Annual Report 2012-13.pdf: origin=mixed, char_density=0.002, image_ratio=0.095, domain=financial (score=100), layout=multi_column
2026-03-06 05:33:33,215 INFO Ambiguous classification for ./sample/mixed_CBE Annual Report 2017-18.pdf: origin=mixed, char_density=0.004, image_ratio=0.065, domain=financial (score=100), layout=multi_column
2026-03-06 05:33:36,305 INFO Ambiguous classification for ./sample/digital_CBE Annual Report 2012-13.pdf: origin=mixed, char_density=0.002, image_ratio=0.095, domain=financial (score=100), layout=multi_column
2026-03-06 05:39:55,307 INFO Ambiguous classification for ./sample/mixed_CBE Annual Report 2017-18.pdf: origin=mixed, char_density=0.004, image_ratio=0.065, domain=financial (score=100), layout=multi_column
2026-03-06 05:39:58,390 INFO Ambiguous classification for ./sample/digital_CBE Annual Report 2012-13.pdf: origin=mixed, char_density=0.002, image_ratio=0.095, domain=financial (score=100), layout=multi_column
2026-03-06 05:42:11,558 INFO Ambiguous classification for ./sample/mixed_CBE Annual Report 2017-18.pdf: origin=mixed, char_density=0.004, image_ratio=0.065, domain=financial (score=100), layout=multi_column
2026-03-06 05:42:14,654 INFO Ambiguous classification for ./sample/digital_CBE Annual Report 2012-13.pdf: origin=mixed, char_density=0.002, image_ratio=0.095, domain=financial (score=100), layout=multi_column
2026-03-06 05:49:16,012 INFO Ambiguous classification for ./sample/mixed_CBE Annual Report 2017-18.pdf: origin=mixed, char_density=0.004, image_ratio=0.065, domain=financial (score=100), layout=multi_column
2026-03-06 05:49:19,048 INFO Ambiguous classification for ./sample/digital_CBE Annual Report 2012-13.pdf: origin=mixed, char_density=0.002, image_ratio=0.095, domain=financial (score=100), layout=multi_column
2026-03-06 05:53:47,971 INFO Ambiguous classification for ./sample/mixed_CBE Annual Report 2017-18.pdf: origin=mixed, char_density=0.004, image_ratio=0.065, domain=financial (score=100), layout=multi_column
2026-03-06 05:53:51,200 INFO Ambiguous classification for ./sample/digital_CBE Annual Report 2012-13.pdf: origin=mixed, char_density=0.002, image_ratio=0.095, domain=financial (score=100), layout=multi_column
2026-03-06 07:10:24,984 INFO Ambiguous classification for ./sample/mixed_CBE Annual Report 2017-18.pdf: origin=mixed, char_density=0.004, image_ratio=0.065, domain=financial (score=100), layout=multi_column
2026-03-06 07:10:28,136 INFO Ambiguous classification for ./sample/digital_CBE Annual Report 2012-13.pdf: origin=mixed, char_density=0.002, image_ratio=0.095, domain=financial (score=100), layout=multi_column
2026-03-06 11:21:19,231 INFO Ambiguous classification for ./sample/mixed_CBE Annual Report 2017-18.pdf: origin=mixed, char_density=0.004, image_ratio=0.065, domain=financial (score=100), layout=multi_column
2026-03-06 11:21:22,761 INFO Ambiguous classification for ./sample/digital_CBE Annual Report 2012-13.pdf: origin=mixed, char_density=0.002, image_ratio=0.095, domain=financial (score=100), layout=multi_column
2026-03-06 11:30:56,517 INFO Ambiguous classification for ./sample/mixed_CBE Annual Report 2017-18.pdf: origin=mixed, char_density=0.004, image_ratio=0.065, domain=financial (score=100), layout=multi_column
2026-03-06 11:31:00,236 INFO Ambiguous classification for ./sample/digital_CBE Annual Report 2012-13.pdf: origin=mixed, char_density=0.002, image_ratio=0.095, domain=financial (score=100), layout=multi_column
2026-03-06 11:37:37,327 INFO Ambiguous classification for ./sample/mixed_CBE Annual Report 2017-18.pdf: origin=mixed, char_density=0.004, image_ratio=0.065, domain=financial (score=100), layout=multi_column
2026-03-06 11:37:40,929 INFO Ambiguous classification for ./sample/digital_CBE Annual Report 2012-13.pdf: origin=mixed, char_density=0.002, image_ratio=0.095, domain=financial (score=100), layout=multi_column
2026-03-06 15:30:04,067 INFO Ambiguous classification for ./sample/mixed_CBE Annual Report 2017-18.pdf: origin=mixed, char_density=0.004, image_ratio=0.065, domain=financial (score=100), layout=multi_column
2026-03-06 15:30:07,429 INFO Ambiguous classification for ./sample/digital_CBE Annual Report 2012-13.pdf: origin=mixed, char_density=0.002, image_ratio=0.095, domain=financial (score=100), layout=multi_column
2026-03-06 16:03:55,884 INFO Ambiguous classification for ./sample/mixed_CBE Annual Report 2017-18.pdf: origin=mixed, char_density=0.004, image_ratio=0.065, domain=financial (score=100), layout=multi_column
2026-03-06 16:04:00,051 INFO Ambiguous classification for ./sample/digital_CBE Annual Report 2012-13.pdf: origin=mixed, char_density=0.002, image_ratio=0.095, domain=financial (score=100), layout=multi_column
2026-03-06 16:40:21,668 INFO Ambiguous classification for ./sample/mixed_CBE Annual Report 2017-18.pdf: origin=mixed, char_density=0.004, image_ratio=0.065, domain=financial (score=100), layout=multi_column
2026-03-06 16:40:24,888 INFO Ambiguous classification for ./sample/digital_CBE Annual Report 2012-13.pdf: origin=mixed, char_density=0.002, image_ratio=0.095, domain=financial (score=100), layout=multi_column
2026-03-06 17:06:20,865 INFO Ambiguous classification for ./sample/mixed_CBE Annual Report 2017-18.pdf: origin=mixed, char_density=0.004, image_ratio=0.065, domain=financial (score=100), layout=multi_column
2026-03-06 17:06:23,900 INFO Ambiguous classification for ./sample/digital_CBE Annual Report 2012-13.pdf: origin=mixed, char_density=0.002, image_ratio=0.095, domain=financial (score=100), layout=multi_column
2026-03-06 17:53:34,625 INFO Ambiguous classification for ./sample/mixed_CBE Annual Report 2017-18.pdf: origin=mixed, char_density=0.004, image_ratio=0.065, domain=financial (score=100), layout=multi_column
2026-03-06 17:53:38,082 INFO Ambiguous classification for ./sample/digital_CBE Annual Report 2012-13.pdf: origin=mixed, char_density=0.002, image_ratio=0.095, domain=financial (score=100), layout=multi_column
2026-03-06 18:12:58,984 INFO Ambiguous classification for ./sample/mixed_CBE Annual Report 2017-18.pdf: origin=mixed, char_density=0.004, image_ratio=0.065, domain=financial (score=100), layout=multi_column
2026-03-06 18:13:04,633 INFO Ambiguous classification for ./sample/digital_CBE Annual Report 2012-13.pdf: origin=mixed, char_density=0.002, image_ratio=0.095, domain=financial (score=100), layout=multi_column
2026-03-06 18:26:58,970 INFO Ambiguous classification for ./sample/mixed_CBE Annual Report 2017-18.pdf: origin=mixed, char_density=0.004, image_ratio=0.065, domain=financial (score=100), layout=multi_column
2026-03-06 18:27:04,611 INFO Ambiguous classification for ./sample/digital_CBE Annual Report 2012-13.pdf: origin=mixed, char_density=0.002, image_ratio=0.095, domain=financial (score=100), layout=multi_column
2026-03-06 18:41:59,566 INFO Ambiguous classification for ./sample/mixed_CBE Annual Report 2017-18.pdf: origin=mixed, char_density=0.004, image_ratio=0.065, domain=financial (score=100), layout=multi_column
2026-03-06 18:42:04,788 INFO Ambiguous classification for ./sample/digital_CBE Annual Report 2012-13.pdf: origin=mixed, char_density=0.002, image_ratio=0.095, domain=financial (score=100), layout=multi_column
2026-03-06 21:27:34,152 INFO Ambiguous classification for ./sample/mixed_CBE Annual Report 2017-18.pdf: origin=mixed, char_density=0.004, image_ratio=0.065, domain=financial (score=100), layout=multi_column
2026-03-06 21:27:38,631 INFO Ambiguous classification for ./sample/digital_CBE Annual Report 2012-13.pdf: origin=mixed, char_density=0.002, image_ratio=0.095, domain=financial (score=100), layout=multi_column
2026-03-07 02:51:20,325 INFO Ambiguous classification for ./sample/mixed_CBE Annual Report 2017-18.pdf: origin=mixed, char_density=0.004, image_ratio=0.065, domain=financial (score=100), layout=multi_column
2026-03-07 02:51:31,158 INFO Ambiguous classification for ./sample/digital_CBE Annual Report 2012-13.pdf: origin=mixed, char_density=0.002, image_ratio=0.095, domain=financial (score=100), layout=multi_column
2026-03-07 04:07:12,990 INFO Ambiguous classification for ./sample/mixed_CBE Annual Report 2017-18.pdf: origin=mixed, char_density=0.004, image_ratio=0.065, domain=financial (score=100), layout=multi_column
2026-03-07 04:07:16,468 INFO Ambiguous classification for ./sample/digital_CBE Annual Report 2012-13.pdf: origin=mixed, char_density=0.002, image_ratio=0.095, domain=financial (score=100), layout=multi_column
2026-03-07 04:50:15,583 INFO Ambiguous classification for ./sample/mixed_CBE Annual Report 2017-18.pdf: origin=mixed, char_density=0.004, image_ratio=0.065, domain=financial (score=100), layout=multi_column
2026-03-07 04:50:20,903 INFO Ambiguous classification for ./sample/digital_CBE Annual Report 2012-13.pdf: origin=mixed, char_density=0.002, image_ratio=0.095, domain=financial (score=100), layout=multi_column
2026-03-07 04:53:55,186 INFO Ambiguous classification for ./sample/mixed_CBE Annual Report 2017-18.pdf: origin=mixed, char_density=0.004, image_ratio=0.065, domain=financial (score=100), layout=multi_column
2026-03-07 04:53:59,538 INFO Ambiguous classification for ./sample/digital_CBE Annual Report 2012-13.pdf: origin=mixed, char_density=0.002, image_ratio=0.095, domain=financial (score=100), layout=multi_column
2026-03-07 11:55:44,875 INFO Ambiguous classification for ./sample/mixed_CBE Annual Report 2017-18.pdf: origin=mixed, char_density=0.004, image_ratio=0.065, domain=financial (score=100), layout=multi_column
2026-03-07 11:55:48,629 INFO Ambiguous classification for ./sample/digital_CBE Annual Report 2012-13.pdf: origin=mixed, char_density=0.002, image_ratio=0.095, domain=financial (score=100), layout=multi_column
2026-03-07 12:05:57,784 INFO Ambiguous classification for ./sample/mixed_CBE Annual Report 2017-18.pdf: origin=mixed, char_density=0.004, image_ratio=0.065, domain=financial (score=100), layout=multi_column
2026-03-07 12:06:01,352 INFO Ambiguous classification for ./sample/digital_CBE Annual Report 2012-13.pdf: origin=mixed, char_density=0.002, image_ratio=0.095, domain=financial (score=100), layout=multi_column
2026-03-07 12:13:49,596 INFO Ambiguous classification for ./sample/mixed_CBE Annual Report 2017-18.pdf: origin=mixed, char_density=0.004, image_ratio=0.065, domain=financial (score=100), layout=multi_column
2026-03-07 12:13:53,854 INFO Ambiguous classification for ./sample/digital_CBE Annual Report 2012-13.pdf: origin=mixed, char_density=0.002, image_ratio=0.095, domain=financial (score=100), layout=multi_column
2026-03-07 13:02:56,590 INFO Ambiguous classification for ./sample/mixed_CBE Annual Report 2017-18.pdf: origin=mixed, char_density=0.004, image_ratio=0.065, domain=financial (score=100), layout=multi_column
2026-03-07 13:03:00,076 INFO Ambiguous classification for ./sample/digital_CBE Annual Report 2012-13.pdf: origin=mixed, char_density=0.002, image_ratio=0.095, domain=financial (score=100), layout=multi_column
2026-03-07 13:14:52,101 INFO Ambiguous classification for ./sample/mixed_CBE Annual Report 2017-18.pdf: origin=mixed, char_density=0.004, image_ratio=0.065, domain=financial (score=100), layout=multi_column
2026-03-07 13:14:55,167 INFO Ambiguous classification for ./sample/digital_CBE Annual Report 2012-13.pdf: origin=mixed, char_density=0.002, image_ratio=0.095, domain=financial (score=100), layout=multi_column
2026-03-07 13:33:35,462 INFO Ambiguous classification for ./sample/mixed_CBE Annual Report 2017-18.pdf: origin=mixed, char_density=0.004, image_ratio=0.065, domain=financial (score=100), layout=multi_column
2026-03-07 13:33:38,735 INFO Ambiguous classification for ./sample/digital_CBE Annual Report 2012-13.pdf: origin=mixed, char_density=0.002, image_ratio=0.095, domain=financial (score=100), layout=multi_column
2026-03-07 14:33:35,067 INFO Ambiguous classification for ./sample/mixed_CBE Annual Report 2017-18.pdf: origin=mixed, char_density=0.004, image_ratio=0.065, domain=financial (score=100), layout=multi_column
2026-03-07 14:33:38,192 INFO Ambiguous classification for ./sample/digital_CBE Annual Report 2012-13.pdf: origin=mixed, char_density=0.002, image_ratio=0.095, domain=financial (score=100), layout=multi_column
2026-03-07 15:37:45,215 INFO Ambiguous classification for ./sample/mixed_CBE Annual Report 2017-18.pdf: origin=mixed, char_density=0.004, image_ratio=0.065, domain=financial (score=100), layout=multi_column
2026-03-07 15:37:48,484 INFO Ambiguous classification for ./sample/digital_CBE Annual Report 2012-13.pdf: origin=mixed, char_density=0.002, image_ratio=0.095, domain=financial (score=100), layout=multi_column
2026-03-07 16:17:39,855 INFO Ambiguous classification for ./sample/mixed_CBE Annual Report 2017-18.pdf: origin=mixed, char_density=0.004, image_ratio=0.065, domain=financial (score=100), layout=multi_column
2026-03-07 16:17:42,918 INFO Ambiguous classification for ./sample/digital_CBE Annual Report 2012-13.pdf: origin=mixed, char_density=0.002, image_ratio=0.095, domain=financial (score=100), layout=multi_column
2026-03-07 16:33:49,658 INFO Ambiguous classification for ./sample/mixed_CBE Annual Report 2017-18.pdf: origin=mixed, char_density=0.004, image_ratio=0.065, domain=financial (score=100), layout=multi_column
2026-03-07 16:33:55,681 INFO Ambiguous classification for ./sample/digital_CBE Annual Report 2012-13.pdf: origin=mixed, char_density=0.002, image_ratio=0.095, domain=financial (score=100), layout=multi_column
2026-03-07 16:48:19,574 INFO Ambiguous classification for ./sample/digital_CBE Annual Report 2012-13.pdf: origin=mixed, char_density=0.002, image_ratio=0.095, domain=financial (score=100), layout=multi_column
2026-03-07 17:08:46,412 INFO Ambiguous classification for ./sample/digital_CBE Annual Report 2012-13.pdf: origin=mixed, char_density=0.002, image_ratio=0.095, domain=financial (score=100), layout=multi_column
2026-03-07 17:30:33,703 INFO Ambiguous classification for ./sample/digital_CBE Annual Report 2012-13.pdf: origin=mixed, char_density=0.002, image_ratio=0.095, domain=financial (score=100), layout=multi_column
2026-03-07 17:32:46,709 INFO Ambiguous classification for ./sample/digital_CBE Annual Report 2012-13.pdf: origin=mixed, char_density=0.002, image_ratio=0.095, domain=financial (score=100), layout=multi_column
